<?xml version="1.0" encoding="UTF-8"?>
<testsuite xmlns:xsi="http://www.w3.org/2001/XMLSchema-instance" xsi:noNamespaceSchemaLocation="https://maven.apache.org/surefire/maven-surefire-plugin/xsd/surefire-test-report-3.0.xsd" version="3.0" name="com.example.api.service.ItemServiceTest" time="0.146" tests="6" errors="0" skipped="0" failures="0">
  <properties>
[...]
</properties>
  <testcase name="getItem_Success" classname="com.example.api.service.ItemServiceTest" time="0.135">
    <system-out><![CDATA[2025-07-22 17:28:44.640 [main] INFO  com.example.api.service.ItemService - Getting item with ID: test-id
]]></system-out>
  </testcase>
  <testcase name="createItem_Success" classname="com.example.api.service.ItemServiceTest" time="0.006">
    <system-out><![CDATA[2025-07-22 17:28:44.658 [main] INFO  com.example.api.service.ItemService - Creating new item: Test Item
]]></system-out>
  </testcase>
  <testcase name="getItem_NotFound" classname="com.example.api.service.ItemServiceTest" time="0.001">
    <system-out><![CDATA[2025-07-22 17:28:44.664 [main] INFO  com.example.api.service.ItemService - Getting item with ID: non-existent-id
]]></system-out>
  </testcase>
  <testcase name="deleteItem_Success" classname="com.example.api.service.ItemServiceTest" time="0">
    <system-out><![CDATA[2025-07-22 17:28:44.665 [main] INFO  com.example.api.service.ItemService - Deleting item with ID: test-id
]]></system-out>
  </testcase>
  <testcase name="updateItem_Success" classname="com.example.api.service.ItemServiceTest" time="0.001">
    <system-out><![CDATA[2025-07-22 17:28:44.666 [main] INFO  com.example.api.service.ItemService - Updating item with ID: test-id
]]></system-out>
  </testcase>
  <testcase name="updateItem_NotFound" classname="com.example.api.service.ItemServiceTest" time="0.001">
    <system-out><![CDATA[2025-07-22 17:28:44.668 [main] INFO  com.example.api.service.ItemService - Updating item with ID: non-existent-id
]]></system-out>
  </testcase>
</testsuite>