<?xml version="1.0" encoding="UTF-8"?>
<testsuite xmlns:xsi="http://www.w3.org/2001/XMLSchema-instance" xsi:noNamespaceSchemaLocation="https://maven.apache.org/surefire/maven-surefire-plugin/xsd/surefire-test-report-3.0.xsd" version="3.0" name="com.example.api.ApiHandlerTest" time="1.044" tests="4" errors="0" skipped="0" failures="0">
  <properties>
[...]
</properties>
  <testcase name="testProtectedEndpointWithoutAuth" classname="com.example.api.ApiHandlerTest" time="0.976">
    <system-out><![CDATA[2025-07-22 21:03:44.210 [main] INFO  com.example.api.ApiHandler - Received request: {path: /protected,httpMethod: GET,}
]]></system-out>
    <system-err><![CDATA[WARNING: A Java agent has been loaded dynamically (/Users/bernardo/.m2/repository/net/bytebuddy/byte-buddy-agent/1.14.4/byte-buddy-agent-1.14.4.jar)
WARNING: If a serviceability tool is in use, please run with -XX:+EnableDynamicAgentLoading to hide this warning
WARNING: If a serviceability tool is not in use, please run with -Djdk.instrument.traceUsage for more information
WARNING: Dynamic loading of agents will be disallowed by default in a future release
]]></system-err>
  </testcase>
  <testcase name="testNotFoundEndpoint" classname="com.example.api.ApiHandlerTest" time="0.016">
    <system-out><![CDATA[2025-07-22 21:03:44.244 [main] INFO  com.example.api.ApiHandler - Received request: {path: /nonexistent,httpMethod: GET,headers: {Authorization=Bearer valid-token},}
]]></system-out>
  </testcase>
  <testcase name="testProtectedEndpointWithAuth" classname="com.example.api.ApiHandlerTest" time="0.014">
    <system-out><![CDATA[2025-07-22 21:03:44.256 [main] INFO  com.example.api.ApiHandler - Received request: {path: /protected,httpMethod: GET,headers: {Authorization=Bearer valid-token},}
]]></system-out>
  </testcase>
  <testcase name="testPublicEndpoint" classname="com.example.api.ApiHandlerTest" time="0.017">
    <system-out><![CDATA[2025-07-22 21:03:44.275 [main] INFO  com.example.api.ApiHandler - Received request: {path: /public,httpMethod: GET,}
]]></system-out>
  </testcase>
</testsuite>