<?xml version="1.0" encoding="UTF-8"?>
<testsuite xmlns:xsi="http://www.w3.org/2001/XMLSchema-instance" xsi:noNamespaceSchemaLocation="https://maven.apache.org/surefire/maven-surefire-plugin/xsd/surefire-test-report-3.0.xsd" version="3.0" name="com.example.api.integration.ProtectedEndpointTest" time="0.041" tests="2" errors="0" skipped="0" failures="0">
  <properties>
[...]
</properties>
  <testcase name="testGetProtectedData_WithAuth" classname="com.example.api.integration.ProtectedEndpointTest" time="0.03">
    <system-out><![CDATA[Request method:	GET
Request URI:	http://localhost:3000/protected
Proxy:			<none>
Request params:	<none>
Query params:	<none>
Form params:	<none>
Path params:	<none>
Headers:		Authorization=Bearer test-token
				Accept=*/*
				Content-Type=application/json
Cookies:		<none>
Multiparts:		<none>
Body:			<none>
HTTP/1.1 200 OK
X-Powered-By: Express
Access-Control-Allow-Origin: *
Content-Type: application/json; charset=utf-8
Content-Length: 136
ETag: W/"88-KVORC5uLtGfGuvj+8xHdZPVtyIk"
Date: Wed, 23 Jul 2025 14:00:10 GMT
Connection: keep-alive
Keep-Alive: timeout=5

{
    "message": "This is protected data that only authenticated users can access",
    "userId": "user-123",
    "timestamp": "2025-07-23T14:00:10.440Z"
}
]]></system-out>
    <system-err><![CDATA[2025-07-23 10:00:10.433 [main] INFO BaseIntegrationTest - Using dummy token for local testing
2025-07-23 10:00:10.433 [main] INFO BaseIntegrationTest - Using API base URL: http://localhost:3000
]]></system-err>
  </testcase>
  <testcase name="testGetProtectedData_WithoutAuth" classname="com.example.api.integration.ProtectedEndpointTest" time="0.01"/>
</testsuite>